2025-06-17 20:56:54,588 [      3]   INFO - #c.i.i.AppStarter - ------------------------------------------------------ IDE STARTED ------------------------------------------------------
2025-06-17 20:56:54,593 [      8]   INFO - #c.i.i.p.PluginManager - Plugin PluginDescriptor(name=Groovy, id=org.intellij.groovy, descriptorPath=plugin.xml, path=~/.gradle/caches/modules-2/files-2.1/com.jetbrains.intellij.idea/ideaIC/2023.1.3/4e0a4eba55b0959c8406c9be8c38a4937fc99bd1/ideaIC-2023.1.3/plugins/Groovy, version=231.9161.38, package=org.jetbrains.plugins.groovy, isBundled=true) misses optional descriptor duplicates-groovy.xml
2025-06-17 20:56:54,593 [      8]   INFO - #c.i.u.EnvironmentUtil - loading shell env is skipped: IDE has been launched from a terminal (SHLVL=1)
2025-06-17 20:56:54,593 [      8]   INFO - #c.i.i.p.PluginManager - Plugin PluginDescriptor(name=Groovy, id=org.intellij.groovy, descriptorPath=plugin.xml, path=~/.gradle/caches/modules-2/files-2.1/com.jetbrains.intellij.idea/ideaIC/2023.1.3/4e0a4eba55b0959c8406c9be8c38a4937fc99bd1/ideaIC-2023.1.3/plugins/Groovy, version=231.9161.38, package=org.jetbrains.plugins.groovy, isBundled=true) misses optional descriptor duplicates-detection-groovy.xml
2025-06-17 20:56:54,603 [     18]   INFO - #c.i.i.AppStarter - JNA library (64-bit) loaded in 10 ms
2025-06-17 20:56:54,609 [     24]   INFO - #c.i.i.AppStarter - IDE: IntelliJ IDEA (build #IC-231.9161.38, 20 Jun 2023 13:01)
2025-06-17 20:56:54,609 [     24]   INFO - #c.i.i.AppStarter - OS: Mac OS X (14.5, x86_64)
2025-06-17 20:56:54,610 [     25]   INFO - #c.i.i.AppStarter - JRE: 17.0.7+10-b829.16 (JetBrains s.r.o.)
2025-06-17 20:56:54,610 [     25]   INFO - #c.i.i.AppStarter - JVM: 17.0.7+10-b829.16 (OpenJDK 64-Bit Server VM)
2025-06-17 20:56:54,612 [     27]   INFO - #c.i.i.AppStarter - PID: 9729
2025-06-17 20:56:54,613 [     28]   INFO - #c.i.i.AppStarter - JVM options: [-Dapple.awt.fileDialogForDirectories=true, -Dapple.laf.useScreenMenuBar=true, -Didea.auto.reload.plugins=true, -Didea.classpath.index.enabled=false, -Didea.config.path=/Users/mac26/workspace/java/easy-yapi/easy-yapi/idea-plugin/idea-sandbox/config, -Didea.is.internal=true, -Didea.log.path=/Users/mac26/workspace/java/easy-yapi/easy-yapi/idea-plugin/idea-sandbox/system/log, -Didea.paths.selector=IdeaIC2023.1, -Didea.platform.prefix=Idea, -Didea.plugin.in.sandbox.mode=true, -Didea.plugins.path=/Users/mac26/workspace/java/easy-yapi/easy-yapi/idea-plugin/idea-sandbox/plugins, -Didea.required.plugins.id=com.itangcent.idea.plugin.easy-yapi, -Didea.smooth.progress=false, -Didea.system.path=/Users/mac26/workspace/java/easy-yapi/easy-yapi/idea-plugin/idea-sandbox/system, -Didea.vendor.name=JetBrains, -Djava.system.class.loader=com.intellij.util.lang.PathClassLoader, -Djbr.catch.SIGABRT=true, -Djdk.attach.allowAttachSelf=true, -Djdk.http.auth.tunneling.disabledSchemes="", -Djdk.module.illegalAccess.silent=true, -Djna.boot.library.path=/Users/mac26/.gradle/caches/modules-2/files-2.1/com.jetbrains.intellij.idea/ideaIC/2023.1.3/4e0a4eba55b0959c8406c9be8c38a4937fc99bd1/ideaIC-2023.1.3/lib/jna/amd64, -Djna.noclasspath=true, -Djna.nosys=true, -Dpty4j.preferred.native.folder=/Users/mac26/.gradle/caches/modules-2/files-2.1/com.jetbrains.intellij.idea/ideaIC/2023.1.3/4e0a4eba55b0959c8406c9be8c38a4937fc99bd1/ideaIC-2023.1.3/lib/pty4j, -Dsplash=true, -Dsun.io.useCanonCaches=false, -Dsun.java2d.metal=true, -XX:ReservedCodeCacheSize=512m, -XX:+UseG1GC, -XX:SoftRefLRUPolicyMSPerMB=50, -XX:CICompilerCount=2, -XX:+HeapDumpOnOutOfMemoryError, -XX:-OmitStackTraceInFastThrow, -XX:+IgnoreUnrecognizedVMOptions, -XX:CompileCommand=exclude,com/intellij/openapi/vfs/impl/FilePartNodeRoot,trieDescend, -javaagent:/Users/mac26/workspace/java/easy-yapi/easy-yapi/idea-plugin/build/tmp/initializeIntelliJPlugin/coroutines-javaagent.jar, --add-opens=java.base/java.io=ALL-UNNAMED, --add-opens=java.base/java.lang=ALL-UNNAMED, --add-opens=java.base/java.lang.ref=ALL-UNNAMED, --add-opens=java.base/java.lang.reflect=ALL-UNNAMED, --add-opens=java.base/java.net=ALL-UNNAMED, --add-opens=java.base/java.nio=ALL-UNNAMED, --add-opens=java.base/java.nio.charset=ALL-UNNAMED, --add-opens=java.base/java.text=ALL-UNNAMED, --add-opens=java.base/java.time=ALL-UNNAMED, --add-opens=java.base/java.util=ALL-UNNAMED, --add-opens=java.base/java.util.concurrent=ALL-UNNAMED, --add-opens=java.base/java.util.concurrent.atomic=ALL-UNNAMED, --add-opens=java.base/jdk.internal.vm=ALL-UNNAMED, --add-opens=java.base/sun.nio.ch=ALL-UNNAMED, --add-opens=java.base/sun.nio.fs=ALL-UNNAMED, --add-opens=java.base/sun.security.ssl=ALL-UNNAMED, --add-opens=java.base/sun.security.util=ALL-UNNAMED, --add-opens=java.base/sun.net.dns=ALL-UNNAMED, --add-opens=java.desktop/com.apple.eawt=ALL-UNNAMED, --add-opens=java.desktop/com.apple.eawt.event=ALL-UNNAMED, --add-opens=java.desktop/com.apple.laf=ALL-UNNAMED, --add-opens=java.desktop/java.awt=ALL-UNNAMED, --add-opens=java.desktop/java.awt.dnd.peer=ALL-UNNAMED, --add-opens=java.desktop/java.awt.event=ALL-UNNAMED, --add-opens=java.desktop/java.awt.image=ALL-UNNAMED, --add-opens=java.desktop/java.awt.peer=ALL-UNNAMED, --add-opens=java.desktop/java.awt.font=ALL-UNNAMED, --add-opens=java.desktop/javax.swing=ALL-UNNAMED, --add-opens=java.desktop/javax.swing.plaf.basic=ALL-UNNAMED, --add-opens=java.desktop/javax.swing.text.html=ALL-UNNAMED, --add-opens=java.desktop/sun.awt.datatransfer=ALL-UNNAMED, --add-opens=java.desktop/sun.awt.image=ALL-UNNAMED, --add-opens=java.desktop/sun.awt=ALL-UNNAMED, --add-opens=java.desktop/sun.font=ALL-UNNAMED, --add-opens=java.desktop/sun.java2d=ALL-UNNAMED, --add-opens=java.desktop/sun.lwawt=ALL-UNNAMED, --add-opens=java.desktop/sun.lwawt.macosx=ALL-UNNAMED, --add-opens=java.desktop/sun.swing=ALL-UNNAMED, --add-opens=jdk.attach/sun.tools.attach=ALL-UNNAMED, --add-opens=jdk.compiler/com.sun.tools.javac.api=ALL-UNNAMED, --add-opens=jdk.internal.jvmstat/sun.jvmstat.monitor=ALL-UNNAMED, --add-opens=jdk.jdi/com.sun.tools.jdi=ALL-UNNAMED, -Xms128m, -Xmx750m, -Dfile.encoding=UTF-8, -Duser.country=CN, -Duser.language=zh, -Duser.variant, -ea]
2025-06-17 20:56:54,613 [     28]   INFO - #c.i.i.AppStarter - args: traverseUI /Users/mac26/workspace/java/easy-yapi/easy-yapi/idea-plugin/build/searchableOptions true
2025-06-17 20:56:54,614 [     29]   INFO - #c.i.i.AppStarter - library path: /Users/mac26/Library/Java/Extensions:/Library/Java/Extensions:/Network/Library/Java/Extensions:/System/Library/Java/Extensions:/usr/lib/java:.
2025-06-17 20:56:54,614 [     29]   INFO - #c.i.i.AppStarter - boot library path: /Users/mac26/.gradle/caches/modules-2/files-2.1/com.jetbrains/jbre/jbr_jcef-17.0.7-osx-x64-b829.16/extracted/jbr_jcef-17.0.7-osx-x64-b829.16/Contents/Home/lib
2025-06-17 20:56:54,621 [     36]   INFO - #c.i.i.p.PluginManager - Plugin PluginDescriptor(name=Kotlin, id=org.jetbrains.kotlin, descriptorPath=plugin.xml, path=~/.gradle/caches/modules-2/files-2.1/com.jetbrains.intellij.idea/ideaIC/2023.1.3/4e0a4eba55b0959c8406c9be8c38a4937fc99bd1/ideaIC-2023.1.3/plugins/Kotlin, version=231-1.8.21-IJ9161.38, package=org.jetbrains.kotlin, isBundled=true) misses optional descriptor performance-plugin.xml
2025-06-17 20:56:54,622 [     37]   INFO - #c.i.i.AppStarter - locale=zh_CN_#Hans JNU=UTF-8 file.encoding=UTF-8
    idea.config.path=/Users/mac26/workspace/java/easy-yapi/easy-yapi/idea-plugin/idea-sandbox/config
    idea.system.path=/Users/mac26/workspace/java/easy-yapi/easy-yapi/idea-plugin/idea-sandbox/system
    idea.plugins.path=/Users/mac26/workspace/java/easy-yapi/easy-yapi/idea-plugin/idea-sandbox/plugins
    idea.log.path=/Users/mac26/workspace/java/easy-yapi/easy-yapi/idea-plugin/idea-sandbox/system/log
2025-06-17 20:56:54,625 [     40]   INFO - #c.i.i.AppStarter - CPU cores: 24; ForkJoinPool.commonPool: java.util.concurrent.ForkJoinPool@1e0cfdb8[Running, parallelism = 24, size = 0, active = 0, running = 0, steals = 0, tasks = 0, submissions = 0]; factory: com.intellij.concurrency.IdeaForkJoinWorkerThreadFactory@29ce554e
2025-06-17 20:56:54,649 [     64]   INFO - #c.i.i.p.PluginManager - Module intellij.sh.python is not enabled because dependency com.intellij.modules.python is not available
Module intellij.space.gateway is not enabled because dependency com.jetbrains.gateway is not available
Module intellij.space.php is not enabled because dependency com.jetbrains.php is not available
Module intellij.space.index is not enabled because dependency intellij.indexing.shared is not available
2025-06-17 20:56:54,921 [    336]   INFO - #c.i.i.p.ExpiredPluginsState - Plugins to skip: []
2025-06-17 20:56:54,952 [    367]   INFO - #c.i.u.i.PageCacheUtils - File page caching params:
2025-06-17 20:56:54,953 [    368]   INFO - #c.i.u.i.PageCacheUtils - 	DEFAULT_PAGE_SIZE:10485760
2025-06-17 20:56:54,953 [    368]   INFO - #c.i.u.i.PageCacheUtils - 	FilePageCache: regular
2025-06-17 20:56:54,954 [    369]   INFO - #c.i.u.i.PageCacheUtils - 	DirectByteBuffers pool: 0 bytes
2025-06-17 20:56:54,958 [    373]   WARN - #c.i.o.v.n.p.l.VfsLog - VFS Log version differs from the implementation version: log null vs implementation -43
2025-06-17 20:56:54,959 [    374]   INFO - #c.i.a.o.PathMacrosImpl - Loaded path macros: {MAVEN_REPOSITORY=/Users/mac26/.m2/repository}
2025-06-17 20:56:54,986 [    401]   INFO - #c.i.o.v.n.p.PersistentFSConnector - VFS uses strict names enumerator
2025-06-17 20:56:54,997 [    412]   INFO - #c.i.o.v.n.p.PersistentFSConnector - VFS uses regular attributes storage
2025-06-17 20:56:55,001 [    416]   INFO - #com.android.tools.idea.serverflags.ServerFlagInitializer - Enabled server flags: 
2025-06-17 20:56:55,008 [    423]   INFO - #c.i.o.v.n.p.FSRecords - using REGULAR storage for VFS records
2025-06-17 20:56:55,034 [    449]   INFO - #c.i.o.v.n.p.PersistentFSConnector - 6 ms to load free records and inverted name index
2025-06-17 20:56:55,041 [    456]   INFO - #o.j.i.BuiltInServerManager - built-in server started, port 63343
2025-06-17 20:56:55,044 [    459]   WARN - #c.i.u.n.s.ConfirmingTrustManager - Received an empty list of custom trusted root certificates from the system. Check log above for possible errors, enable debug logging in category 'org.jetbrains.nativecerts' for more information
2025-06-17 20:56:55,045 [    460]   INFO - #c.i.u.n.s.CertificateManager - Default SSL context initialized
2025-06-17 20:56:55,150 [    565]   INFO - #c.i.o.v.i.l.NativeFileWatcherImpl - Native file watcher is disabled
2025-06-17 20:56:55,159 [    574]   WARN - #c.j.p.PluginClassPathRuntimeCustomizer - There was more than one class loaded in Projector Plugin classloader - this is likely a bug!
2025-06-17 20:56:55,211 [    626]   INFO - #c.i.i.p.PluginManager - Loaded bundled plugins: Java Stream Debugger (231.9161.38), com.intellij.dev (231.9161.38), EditorConfig (231.9161.38), Subversion (231.9161.38), Configuration Script (231.9161.38), JetBrains Marketplace Licensing Support (231.9161.38), JetBrains maven model api classes (231.9161.38), Kotlin (231-1.8.21-IJ9161.38), HTML Tools (231.9161.38), Perforce Helix Core (231.9161.38), WebP Support (231.9161.38), JUnit (231.9161.38), Gradle-Maven (231.9161.38), IDE Features Trainer (231.9161.38), UI Designer (231.9161.38), Android (2022.1.1.231.9161.38), Maven (231.9161.38), Qodana (231.9161.38), Ant (231.9161.38), com.intellij.tracing.ide (231.9161.38), Java Internationalization (231.9161.38), Toml (231.9161.38), Gradle-Java-Analysis (231.9161.38), JavaFX (231.9161.38), Plugin DevKit (231.9161.38), Groovy (231.9161.38), Code With Me (231.9161.38), Performance Testing (231.9161.38), Eclipse Keymap (231.9161.38), Visual Studio Keymap (231.9161.38), Gradle-Java (231.9161.38), Mercurial (231.9161.38), Eclipse Interoperability (231.9161.38), NetBeans Keymap (231.9161.38), IntelliLang (231.9161.38), Machine Learning in Search Everywhere (231.9161.38), Images (231.9161.38), Java (231.9161.38), Package Checker (231.9161.38), Copyright (231.9161.38), Gradle (231.9161.38), Properties (231.9161.38), Machine Learning Code Completion (231.9161.38), Shared Indexes (231.9161.38), YAML (231.9161.38), Gradle Dependency Updater Implementation (231.9161.38), Maven server api classes (231.9161.38), Java IDE Customization (231.9161.38), Smali Support (231.9161.38), Java Bytecode Decompiler (231.9161.38), JetBrains Repository Search (231.9161.38), TextMate Bundles (231.9161.38), Terminal (231.9161.38), GitHub (231.9161.38), Package Search (231.9161.38), Bytecode Viewer (231.9161.38), XPathView + XSLT (231.9161.38), Lombok (231.9161.38), Android Design Tools (231.9161.38), IDEA CORE (231.9161.38), Projector Libraries for Code With Me and Remote Development (231.9161.38), Settings Sync (231.9161.38), Space (231.9161.38), Code Coverage for Java (231.9161.38), Grazie Lite (231.9161.38), Markdown (231.9161.38), Shell Script (231.9161.38), Git (231.9161.38), Gradle DSL API (231.9161.38), Emoji Picker (231.9161.38), Task Management (231.9161.38), TestNG (231.9161.38)
2025-06-17 20:56:55,211 [    626]   INFO - #c.i.i.p.PluginManager - Loaded custom plugins: EasyYapi (2.8.1.212.0)
2025-06-17 20:56:55,319 [    734]   INFO - #c.i.i.s.p.i.SharedIndexMainZipStorage - Shared Indexes Storage is opened and empty
2025-06-17 20:56:55,691 [   1106]   INFO - #c.i.u.i.FileBasedIndexImpl - Indices to be built:org.jetbrains.kotlin.idea.vfilefinder.KotlinModuleMappingIndex(v = 5),JavaFxControllerClassIndex(v = 1),HtmlTagIdIndex(v = 3),org.jetbrains.kotlin.idea.versions.KotlinJsMetadataVersionIndex(v = 3),SchemaTypeInheritance(v = 2),com.intellij.uiDesigner.FormClassIndex(v = 0),bytecodeAnalysis(v = 4107),BindingXmlIndex(v = 10),editorconfig.index.name(v = 5),java.binary.plus.expression(v = 4100),org.jetbrains.kotlin.idea.vfilefinder.KotlinPackageSourcesMemberNamesIndex(v = 2),java.fun.expression(v = 4102),org.jetbrains.kotlin.idea.vfilefinder.KotlinBuiltInsMetadataIndex(v = 1),RelaxSymbolIndex(v = 0),XmlTagNames(v = 1),FilenameIndex(v = 258),html5.custom.attributes.index(v = 1),Stubs(v = 46),NavXmlIndex(v = 10),org.jetbrains.kotlin.idea.vfilefinder.KotlinPartialPackageNamesIndex(v = 4),IdIndex(v = 4118),Trigram.Index(v = 4099),ant-imports(v = 5),org.jetbrains.kotlin.idea.vfilefinder.KotlinClassFileIndex(v = 3),fileIncludes(v = 6),devkit.ExtensionPointClassIndex(v = 1),yaml.keys.name(v = 1),PluginIdDependenciesIndex(v = 5),java.null.method.argument(v = 4097),javafx.custom.component(v = 2),xmlProperties(v = 2),java.auto.module.name(v = 6),LombokConfigIndex(v = 12),FrameworkDetectionIndex(v = 65536),DomFileIndex(v = 0),org.jetbrains.kotlin.idea.vfilefinder.KotlinMetadataFilePackageIndex(v = 1),XmlNamespaces(v = 8),XsltSymbolIndex(v = 0),org.jetbrains.kotlin.idea.vfilefinder.KotlinStdlibIndex(v = 1),java.source.module.name(v = 4),com.android.tools.idea.model.AndroidManifestIndex$Companion$NAME$1.NAME(v = 10),javafx.id.name(v = 3),TodoIndex(v = 4109),org.jetbrains.kotlin.idea.versions.KotlinJvmMetadataVersionIndex(v = 5),IdeaPluginRegistrationIndex(v = 8),org.jetbrains.kotlin.idea.vfilefinder.KlibMetaFileIndex(v = 4),json.file.root.values(v = 5),org.jetbrains.kotlin.idea.vfilefinder.KotlinMetadataFileIndex(v = 1),filetypes(v = 4096),org.jetbrains.kotlin.idea.vfilefinder.KotlinJvmModuleAnnotationsIndex(v = 1),devkit.ExtensionPointIndex(v = 0),org.jetbrains.kotlin.idea.vfilefinder.KotlinJavaScriptMetaFileIndex(v = 4),PluginIdModuleIndex(v = 2)
2025-06-17 20:56:55,693 [   1108]   INFO - c.i.u.i.FileBasedIndexDataInitialization - Index data initialization done: 529 ms. Initialized indexes: [FilenameIndex, filetypes, java.auto.module.name, java.source.module.name, IdeaPluginRegistrationIndex, HtmlTagIdIndex, XsltSymbolIndex, json.file.root.values, SchemaTypeInheritance, RelaxSymbolIndex, xmlProperties, editorconfig.index.name, XmlNamespaces, html5.custom.attributes.index, XmlTagNames, DomFileIndex, yaml.keys.name, TodoIndex, fileIncludes, java.fun.expression, FrameworkDetectionIndex, java.binary.plus.expression, Trigram.Index, bytecodeAnalysis, PluginIdModuleIndex, java.null.method.argument, PluginIdDependenciesIndex, devkit.ExtensionPointIndex, JavaFxControllerClassIndex, javafx.custom.component, org.jetbrains.kotlin.idea.vfilefinder.KotlinClassFileIndex, devkit.ExtensionPointClassIndex, ant-imports, javafx.id.name, LombokConfigIndex, org.jetbrains.kotlin.idea.versions.KotlinJvmMetadataVersionIndex, org.jetbrains.kotlin.idea.versions.KotlinJsMetadataVersionIndex, org.jetbrains.kotlin.idea.vfilefinder.KotlinPartialPackageNamesIndex, org.jetbrains.kotlin.idea.vfilefinder.KotlinJavaScriptMetaFileIndex, IdIndex, BindingXmlIndex, org.jetbrains.kotlin.idea.vfilefinder.KotlinModuleMappingIndex, org.jetbrains.kotlin.idea.vfilefinder.KotlinMetadataFileIndex, NavXmlIndex, org.jetbrains.kotlin.idea.vfilefinder.KotlinMetadataFilePackageIndex, org.jetbrains.kotlin.idea.vfilefinder.KotlinJvmModuleAnnotationsIndex, org.jetbrains.kotlin.idea.vfilefinder.KotlinPackageSourcesMemberNamesIndex, com.intellij.uiDesigner.FormClassIndex, org.jetbrains.kotlin.idea.vfilefinder.KlibMetaFileIndex, org.jetbrains.kotlin.idea.vfilefinder.KotlinStdlibIndex, com.android.tools.idea.model.AndroidManifestIndex$Companion$NAME$1.NAME, org.jetbrains.kotlin.idea.vfilefinder.KotlinBuiltInsMetadataIndex, Stubs].
2025-06-17 20:56:55,872 [   1287]   INFO - #c.i.o.a.Experiments - Experimental features enabled for user: wsl.p9.support, wsl.prefer.p9.support, wsl.p9.show.roots.in.file.chooser, wsl.execute.with.wsl.exe, linux.native.menu, recent.and.edited.files.together, show.create.new.element.in.popup, search.everywhere.mixed.results, new.project.wizard, editor.reader.mode, new.large.text.file.viewer, terminal.shell.command.handling
2025-06-17 20:56:55,936 [   1351]   INFO - #c.i.p.s.StubIndexImpl - Following stub indices will be built:org.jetbrains.kotlin.idea.stubindex.KotlinFilePartClassIndex(v = 2),org.jetbrains.kotlin.idea.stubindex.KotlinOverridableInternalMembersShortNameIndex(v = 2),java.class.extlist(v = 3),properties.index(v = 2),org.jetbrains.kotlin.idea.stubindex.KotlinPropertyShortNameIndex(v = 2),markdown.header(v = 2),java.module.name(v = 4),org.jetbrains.kotlin.idea.stubindex.KotlinExtensionsInObjectsByReceiverTypeIndex(v = 2),gr.field.name(v = 5),jvm.static.member.type(v = 2),gr.class.super(v = 5),java.annotations(v = 2),java.anonymous.baseref(v = 2),gr.script.fqn(v = 5),org.jetbrains.kotlin.idea.stubindex.KotlinTypeAliasShortNameIndex(v = 2),org.jetbrains.kotlin.idea.stubindex.KotlinTypeAliasByExpansionShortNameIndex(v = 2),org.jetbrains.kotlin.idea.stubindex.KotlinTopLevelPropertyFqnNameIndex(v = 2),java.field.name(v = 2),gr.script.fqn.s(v = 5),org.jetbrains.kotlin.idea.stubindex.KotlinProbablyNothingPropertyShortNameIndex(v = 2),org.jetbrains.kotlin.idea.stubindex.KotlinSuperClassIndex(v = 2),org.jetbrains.kotlin.idea.stubindex.KotlinJvmNameAnnotationIndex(v = 2),gr.method.name(v = 5),org.jetbrains.kotlin.idea.stubindex.KotlinTopLevelExtensionsByReceiverTypeIndex(v = 3),org.jetbrains.kotlin.idea.stubindex.KotlinTopLevelFunctionByPackageIndex(v = 2),kotlin.primeIndexKey(v = 2),gr.class.fqn(v = 4),org.jetbrains.kotlin.idea.stubindex.KotlinFileFacadeFqNameIndex(v = 2),dom.elementClass(v = 0),org.jetbrains.kotlin.idea.stubindex.KotlinFullClassNameIndex(v = 2),org.jetbrains.kotlin.idea.stubindex.KotlinTopLevelFunctionFqnNameIndex(v = 2),jvm.static.member.name(v = 2),java.class.fqn(v = 1),org.jetbrains.kotlin.idea.stubindex.KotlinTopLevelPropertyByPackageIndex(v = 2),org.jetbrains.kotlin.idea.stubindex.KotlinTopLevelTypeAliasFqNameIndex(v = 2),org.jetbrains.kotlin.idea.stubindex.KotlinSubclassObjectNameIndex(v = 2),org.jetbrains.kotlin.idea.stubindex.KotlinTopLevelClassByPackageIndex(v = 2),org.jetbrains.kotlin.idea.stubindex.KotlinFileFacadeClassByPackageIndex(v = 2),org.jetbrains.kotlin.idea.stubindex.KotlinProbablyContractedFunctionShortNameIndex(v = 2),org.jetbrains.kotlin.idea.stubindex.KotlinInnerTypeAliasClassIdIndex(v = 2),org.jetbrains.kotlin.idea.stubindex.KotlinTopLevelTypeAliasByPackageIndex(v = 2),org.jetbrains.kotlin.idea.stubindex.KotlinScriptFqnIndex(v = 2),gr.annot.members(v = 5),java.method.parameter.types(v = 3),markdown.header.anchor(v = 2),org.jetbrains.kotlin.idea.stubindex.KotlinFileFacadeShortNameIndex(v = 2),java.class.shortname(v = 4),gr.script.class(v = 5),org.jetbrains.kotlin.idea.stubindex.KotlinProbablyNothingFunctionShortNameIndex(v = 2),gr.anonymous.class(v = 6),gr.class.fqn.s(v = 5),org.jetbrains.kotlin.idea.stubindex.KotlinAnnotationsIndex(v = 3),org.jetbrains.kotlin.idea.stubindex.KotlinClassShortNameIndex(v = 2),org.jetbrains.kotlin.idea.stubindex.KotlinExactPackagesIndex(v = 2),org.jetbrains.kotlin.idea.stubindex.KotlinMultifileClassPartIndex(v = 2),dom.namespaceKey(v = 1),org.jetbrains.kotlin.idea.stubindex.KotlinFunctionShortNameIndex(v = 2),java.method.name(v = 2),gr.annot.method.name(v = 5)
2025-06-17 20:56:55,937 [   1352]   INFO - c.i.p.s.StubIndexImpl$StubIndexInitialization - Index data initialization done: 243 ms. Initialized stub indexes: {org.jetbrains.kotlin.idea.stubindex.KotlinTopLevelPropertyByPackageIndex, org.jetbrains.kotlin.idea.stubindex.KotlinProbablyContractedFunctionShortNameIndex, properties.index, java.anonymous.baseref, org.jetbrains.kotlin.idea.stubindex.KotlinJvmNameAnnotationIndex, org.jetbrains.kotlin.idea.stubindex.KotlinFunctionShortNameIndex, gr.class.super, org.jetbrains.kotlin.idea.stubindex.KotlinTopLevelPropertyFqnNameIndex, dom.namespaceKey, org.jetbrains.kotlin.idea.stubindex.KotlinFullClassNameIndex, gr.script.fqn.s, org.jetbrains.kotlin.idea.stubindex.KotlinPropertyShortNameIndex, org.jetbrains.kotlin.idea.stubindex.KotlinFileFacadeFqNameIndex, gr.annot.method.name, java.method.parameter.types, java.field.name, markdown.header, org.jetbrains.kotlin.idea.stubindex.KotlinTopLevelTypeAliasFqNameIndex, org.jetbrains.kotlin.idea.stubindex.KotlinTypeAliasByExpansionShortNameIndex, gr.method.name, gr.class.fqn.s, org.jetbrains.kotlin.idea.stubindex.KotlinMultifileClassPartIndex, org.jetbrains.kotlin.idea.stubindex.KotlinScriptFqnIndex, org.jetbrains.kotlin.idea.stubindex.KotlinTopLevelTypeAliasByPackageIndex, gr.script.fqn, markdown.header.anchor, org.jetbrains.kotlin.idea.stubindex.KotlinTopLevelFunctionByPackageIndex, org.jetbrains.kotlin.idea.stubindex.KotlinFileFacadeClassByPackageIndex, org.jetbrains.kotlin.idea.stubindex.KotlinSuperClassIndex, org.jetbrains.kotlin.idea.stubindex.KotlinFilePartClassIndex, gr.class.fqn, jvm.static.member.name, java.module.name, dom.elementClass, kotlin.primeIndexKey, org.jetbrains.kotlin.idea.stubindex.KotlinSubclassObjectNameIndex, gr.annot.members, org.jetbrains.kotlin.idea.stubindex.KotlinAnnotationsIndex, org.jetbrains.kotlin.idea.stubindex.KotlinProbablyNothingPropertyShortNameIndex, org.jetbrains.kotlin.idea.stubindex.KotlinOverridableInternalMembersShortNameIndex, java.method.name, org.jetbrains.kotlin.idea.stubindex.KotlinExtensionsInObjectsByReceiverTypeIndex, org.jetbrains.kotlin.idea.stubindex.KotlinInnerTypeAliasClassIdIndex, gr.anonymous.class, org.jetbrains.kotlin.idea.stubindex.KotlinClassShortNameIndex, org.jetbrains.kotlin.idea.stubindex.KotlinExactPackagesIndex, org.jetbrains.kotlin.idea.stubindex.KotlinTypeAliasShortNameIndex, java.class.extlist, org.jetbrains.kotlin.idea.stubindex.KotlinFileFacadeShortNameIndex, java.annotations, gr.field.name, jvm.static.member.type, java.class.shortname, org.jetbrains.kotlin.idea.stubindex.KotlinTopLevelFunctionFqnNameIndex, java.class.fqn, org.jetbrains.kotlin.idea.stubindex.KotlinProbablyNothingFunctionShortNameIndex, org.jetbrains.kotlin.idea.stubindex.KotlinTopLevelClassByPackageIndex, org.jetbrains.kotlin.idea.stubindex.KotlinTopLevelExtensionsByReceiverTypeIndex, gr.script.class}.
2025-06-17 20:56:56,294 [   1709]   INFO - #c.i.u.p.CommonProxy - <html>You have JVM property "https.proxyHost" set to "127.0.0.1".<br>This may lead to incorrect behaviour. Proxy should be set in Settings | HTTP Proxy<br>This JVM property is old and its usage is not recommended by Oracle.<br>(Note: It could have been assigned by some code dynamically.)</html>
2025-06-17 20:56:56,342 [   1757]   INFO - #c.i.u.p.CommonProxy - <html>You have JVM property "https.proxyHost" set to "127.0.0.1".<br>This may lead to incorrect behaviour. Proxy should be set in Settings | HTTP Proxy<br>This JVM property is old and its usage is not recommended by Oracle.<br>(Note: It could have been assigned by some code dynamically.)</html>
2025-06-17 20:56:58,647 [   4062]   INFO - #c.i.o.a.i.NonBlockingReadActionImpl - OTel monitoring for NonBlockingReadAction is enabled
2025-06-17 20:57:01,022 [   6437]   INFO - #c.i.r.OsRegistryConfigProvider - Looking for 'lobbyServerUrl' value in [/Library/Application Support/JetBrains/CodeWithMe/lobbyServerUrl, /Library/Application Support/JetBrains/CodeWithMe/config.json, /Users/mac26/Library/Application Support/JetBrains/CodeWithMe/lobbyServerUrl, /Users/mac26/Library/Application Support/JetBrains/CodeWithMe/config.json]
2025-06-17 20:57:01,022 [   6437]   INFO - #c.i.r.OsRegistryConfigProvider - OS provided value for 'lobbyServerUrl' is not found
2025-06-17 20:57:01,023 [   6438]   INFO - #c.j.r.p.c.u.CodeWithMeSystemSettings - Got regional URL for CN: https://code-with-me.jetbrains.com.cn
2025-06-17 20:57:01,023 [   6438]   INFO - #c.j.r.p.c.u.CodeWithMeSystemSettings - Regional LobbyUrl value='https://code-with-me.jetbrains.com.cn'
2025-06-17 20:57:01,035 [   6450]   INFO - #c.i.r.OsRegistryConfigProvider - Looking for 'lobbyServerUrl' value in [/Library/Application Support/JetBrains/CodeWithMe/lobbyServerUrl, /Library/Application Support/JetBrains/CodeWithMe/config.json, /Users/mac26/Library/Application Support/JetBrains/CodeWithMe/lobbyServerUrl, /Users/mac26/Library/Application Support/JetBrains/CodeWithMe/config.json]
2025-06-17 20:57:01,035 [   6450]   INFO - #c.i.r.OsRegistryConfigProvider - OS provided value for 'lobbyServerUrl' is not found
2025-06-17 20:57:01,035 [   6450]   INFO - #c.j.r.p.c.u.CodeWithMeSystemSettings - Got regional URL for CN: https://code-with-me.jetbrains.com.cn
2025-06-17 20:57:01,035 [   6450]   INFO - #c.j.r.p.c.u.CodeWithMeSystemSettings - Regional LobbyUrl value='https://code-with-me.jetbrains.com.cn'
2025-06-17 20:57:01,964 [   7379]   WARN - #c.i.u.j.JBCefApp - JCEF is manually disabled in headless env via 'ide.browser.jcef.headless.enabled=false'
2025-06-17 20:57:01,968 [   7383]   INFO - #org.intellij.plugins.markdown.settings.MarkdownSettings - Migrating Markdown settings
2025-06-17 20:57:02,782 [   8197]   INFO - #com.itangcent.idea.plugin.configurable.AbstractEasyApiConfigurable$Companion - create instance of com.itangcent.idea.plugin.configurable.EasyApiConfigurable
2025-06-17 20:57:02,782 [   8197]   INFO - #com.itangcent.idea.plugin.configurable.AbstractEasyApiConfigurable$Companion - create component of com.itangcent.idea.plugin.configurable.EasyApiConfigurable
2025-06-17 20:57:02,793 [   8208]   INFO - #com.itangcent.common.spi.SpiUtils - load service com.itangcent.common.logger.ILogger:com.itangcent.intellij.logger.SystemLogger@1c6511a7
2025-06-17 20:57:02,796 [   8211]   INFO - #com.itangcent.intellij.logger.SystemLogger - load:com.intellij.psi.impl.light.LightRecordField success
2025-06-17 20:57:02,797 [   8212]   INFO - #com.itangcent.intellij.logger.SystemLogger - load:com.itangcent.intellij.jvm.feature.RecordDocHelper success
2025-06-17 20:57:02,801 [   8216]   INFO - #com.itangcent.intellij.logger.SystemLogger - load:com.itangcent.intellij.jvm.feature.RecordDocHelper and wrap
2025-06-17 20:57:02,802 [   8217]   INFO - #com.itangcent.common.spi.SpiUtils - load service com.itangcent.intellij.CustomInfo:com.itangcent.idea.plugin.CustomInfoImpl@2e0e7df5
2025-06-17 20:57:02,802 [   8217]   INFO - #com.itangcent.intellij.logger.SystemLogger - load:com.itangcent.intellij.config.RuleExtendProvider success
2025-06-17 20:57:02,803 [   8218]   INFO - #com.itangcent.intellij.logger.SystemLogger - load:com.itangcent.intellij.config.RuleExtendProvider and wrap
2025-06-17 20:57:02,806 [   8221]   INFO - #com.itangcent.intellij.logger.SystemLogger - load:org.jetbrains.kotlin.psi.KtClass success
2025-06-17 20:57:02,807 [   8222]   INFO - #com.itangcent.intellij.logger.SystemLogger - load:com.itangcent.intellij.jvm.kotlin.KotlinDocHelper success
2025-06-17 20:57:02,808 [   8223]   INFO - #com.itangcent.intellij.logger.SystemLogger - load:com.itangcent.intellij.jvm.kotlin.KotlinDocHelper and wrap
2025-06-17 20:57:02,808 [   8223]   INFO - #com.itangcent.intellij.logger.SystemLogger - load:com.itangcent.intellij.jvm.kotlin.KotlinAnnotationHelper success
2025-06-17 20:57:02,810 [   8225]   INFO - #com.itangcent.intellij.logger.SystemLogger - load:com.itangcent.intellij.jvm.kotlin.KotlinAnnotationHelper and wrap
2025-06-17 20:57:02,811 [   8226]   INFO - #com.itangcent.intellij.logger.SystemLogger - load:com.itangcent.intellij.jvm.kotlin.KotlinJvmClassHelper success
2025-06-17 20:57:02,813 [   8228]   INFO - #com.itangcent.intellij.logger.SystemLogger - load:com.itangcent.intellij.jvm.kotlin.KotlinJvmClassHelper and wrap
2025-06-17 20:57:02,813 [   8228]   INFO - #com.itangcent.intellij.logger.SystemLogger - load:com.itangcent.intellij.jvm.kotlin.KotlinLinkExtractor success
2025-06-17 20:57:02,815 [   8230]   INFO - #com.itangcent.intellij.logger.SystemLogger - load:com.itangcent.intellij.jvm.kotlin.KotlinLinkExtractor and wrap
2025-06-17 20:57:02,816 [   8231]   INFO - #com.itangcent.intellij.logger.SystemLogger - load:com.itangcent.intellij.jvm.kotlin.KotlinPsiResolver success
2025-06-17 20:57:02,817 [   8232]   INFO - #com.itangcent.intellij.logger.SystemLogger - load:com.itangcent.intellij.jvm.kotlin.KotlinPsiResolver and wrap
2025-06-17 20:57:02,818 [   8233]   INFO - #com.itangcent.intellij.logger.SystemLogger - load:com.itangcent.intellij.jvm.kotlin.KotlinPsiExpressionResolver success
2025-06-17 20:57:02,819 [   8234]   INFO - #com.itangcent.intellij.logger.SystemLogger - load:com.itangcent.intellij.jvm.kotlin.KotlinPsiExpressionResolver and wrap
2025-06-17 20:57:02,822 [   8237]   INFO - #com.itangcent.intellij.logger.SystemLogger - load:org.jetbrains.plugins.groovy.lang.psi.api.statements.GrField success
2025-06-17 20:57:02,822 [   8237]   INFO - #com.itangcent.intellij.logger.SystemLogger - load:com.itangcent.intellij.jvm.groovy.GrPsiExpressionResolver success
2025-06-17 20:57:02,822 [   8237]   INFO - #com.itangcent.intellij.logger.SystemLogger - load:com.itangcent.intellij.jvm.groovy.GrPsiExpressionResolver and wrap
2025-06-17 20:57:02,823 [   8238]   INFO - #com.itangcent.intellij.logger.SystemLogger - load:com.itangcent.intellij.jvm.groovy.GrDocHelper success
2025-06-17 20:57:02,823 [   8238]   INFO - #com.itangcent.intellij.logger.SystemLogger - load:com.itangcent.intellij.jvm.groovy.GrDocHelper and wrap
2025-06-17 20:57:03,147 [   8562]   INFO - #com.itangcent.intellij.context.ActionContext - register event [onStart]
2025-06-17 20:57:03,148 [   8563]   INFO - #com.itangcent.intellij.context.ActionContext - call event [onStart]
2025-06-17 20:57:03,179 [   8594]   INFO - #com.itangcent.common.spi.SpiUtils - load services com.itangcent.suv.http.HttpClientProvider:[com.itangcent.suv.http.ApacheHttpClientProvider@7068ca61, com.itangcent.suv.http.OkHttpClientProvider@2103aff3]
2025-06-17 20:57:03,181 [   8596]   INFO - #com.itangcent.common.spi.SpiUtils - load services com.itangcent.condition.Condition:[com.itangcent.idea.condition.OnClassCondition@8549320, com.itangcent.idea.condition.OnMissingClassCondition@19e17d3f, com.itangcent.idea.plugin.api.export.condition.OnChannelCondition@47a6f1e7, com.itangcent.idea.plugin.api.export.condition.OnDocCondition@6de2330e, com.itangcent.idea.plugin.api.export.condition.OnSimpleCondition@41037001, com.itangcent.idea.plugin.condition.OnSettingCondition@5399e59b]
2025-06-17 20:57:03,197 [   8612]   INFO - #com.itangcent.spi.SpiCompositeLoader - matched class com.itangcent.suv.http.HttpClientProvider:[class com.itangcent.suv.http.ApacheHttpClientProvider]
2025-06-17 20:57:03,209 [   8624]   INFO - #com.itangcent.spi.SpiCompositeLoader - matched class com.itangcent.suv.http.HttpClientProvider:[class com.itangcent.suv.http.ApacheHttpClientProvider]
2025-06-17 20:57:03,212 [   8627]   INFO - #com.itangcent.intellij.context.ActionContext - register event [com.itangcent.action.completed]
2025-06-17 20:57:03,215 [   8630]   INFO - #com.itangcent.common.spi.SpiUtils - load service com.itangcent.idea.icons.IconLoader:null
2025-06-17 20:57:03,215 [   8630]   WARN - #com.itangcent.idea.icons.EasyIcons - non icon be found in [/actions/refresh.svg, /assets/refresh.svg]
2025-06-17 20:57:03,220 [   8635]   INFO - #com.itangcent.idea.plugin.configurable.AbstractEasyApiConfigurable$Companion - create instance of com.itangcent.idea.plugin.configurable.EasyApiRecommendConfigurable
2025-06-17 20:57:03,220 [   8635]   INFO - #com.itangcent.idea.plugin.configurable.AbstractEasyApiConfigurable$Companion - create component of com.itangcent.idea.plugin.configurable.EasyApiRecommendConfigurable
2025-06-17 20:57:03,223 [   8638]   INFO - #com.itangcent.intellij.context.ActionContext - compute cache [project_path]
2025-06-17 20:57:03,224 [   8639]   INFO - #com.itangcent.intellij.context.ActionContext - register event [onStart]
2025-06-17 20:57:03,224 [   8639]   INFO - #com.itangcent.intellij.context.ActionContext - call event [onStart]
2025-06-17 20:57:03,231 [   8646]   INFO - #com.itangcent.intellij.context.ActionContext - register event [onCompleted]
2025-06-17 20:57:03,233 [   8648]   INFO - #com.itangcent.idea.plugin.configurable.AbstractEasyApiConfigurable$Companion - create instance of com.itangcent.idea.plugin.configurable.EasyApiRemoteConfigurable
2025-06-17 20:57:03,233 [   8648]   INFO - #com.itangcent.idea.plugin.configurable.AbstractEasyApiConfigurable$Companion - create component of com.itangcent.idea.plugin.configurable.EasyApiRemoteConfigurable
2025-06-17 20:57:03,239 [   8654]   INFO - #com.itangcent.intellij.context.ActionContext - register event [onStart]
2025-06-17 20:57:03,239 [   8654]   INFO - #com.itangcent.intellij.context.ActionContext - call event [onStart]
2025-06-17 20:57:03,249 [   8664]   WARN - #com.itangcent.idea.icons.EasyIcons - non icon be found in [/general/add.svg, /assets/add.svg]
2025-06-17 20:57:03,249 [   8664]   WARN - #com.itangcent.idea.icons.EasyIcons - non icon be found in [/general/remove.svg, /assets/remove.svg]
2025-06-17 20:57:03,250 [   8665]   INFO - #com.itangcent.idea.plugin.configurable.AbstractEasyApiConfigurable$Companion - create instance of com.itangcent.idea.plugin.configurable.EasyApiSettingBuiltInConfigConfigurable
2025-06-17 20:57:03,250 [   8665]   INFO - #com.itangcent.idea.plugin.configurable.AbstractEasyApiConfigurable$Companion - create component of com.itangcent.idea.plugin.configurable.EasyApiSettingBuiltInConfigConfigurable
2025-06-17 20:57:03,254 [   8669]   INFO - #com.itangcent.intellij.context.ActionContext - register event [onStart]
2025-06-17 20:57:03,254 [   8669]   INFO - #com.itangcent.intellij.context.ActionContext - call event [onStart]
2025-06-17 20:57:03,257 [   8672]   INFO - #com.itangcent.idea.plugin.configurable.AbstractEasyApiConfigurable$Companion - create instance of com.itangcent.idea.plugin.configurable.EasyApiSettingAIConfigurable
2025-06-17 20:57:03,257 [   8672]   INFO - #com.itangcent.idea.plugin.configurable.AbstractEasyApiConfigurable$Companion - create component of com.itangcent.idea.plugin.configurable.EasyApiSettingAIConfigurable
2025-06-17 20:57:03,260 [   8675]   INFO - #com.itangcent.intellij.context.ActionContext - register event [onStart]
2025-06-17 20:57:03,261 [   8676]   INFO - #com.itangcent.intellij.context.ActionContext - call event [onStart]
2025-06-17 20:57:03,270 [   8685]   INFO - #com.itangcent.idea.plugin.configurable.AbstractEasyApiConfigurable$Companion - create instance of com.itangcent.idea.plugin.configurable.EasyApiOtherConfigurable
2025-06-17 20:57:03,270 [   8685]   INFO - #com.itangcent.idea.plugin.configurable.AbstractEasyApiConfigurable$Companion - create component of com.itangcent.idea.plugin.configurable.EasyApiOtherConfigurable
2025-06-17 20:57:03,273 [   8688]   INFO - #com.itangcent.intellij.context.ActionContext - register event [onStart]
2025-06-17 20:57:03,273 [   8688]   INFO - #com.itangcent.intellij.context.ActionContext - call event [onStart]
2025-06-17 20:57:03,276 [   8691]   INFO - #com.itangcent.idea.icons.EasyIcons - load icon: /graph/export.png
2025-06-17 20:57:03,279 [   8694]   INFO - #com.itangcent.idea.icons.EasyIcons - icon of javax.swing.JButton[,0,0,0x0,invalid,alignmentX=0.0,alignmentY=0.5,border=javax.swing.plaf.BorderUIResource$CompoundBorderUIResource@781b520,flags=296,maximumSize=,minimumSize=,preferredSize=,defaultIcon=toolbarDecorator/export.svg,disabledIcon=,disabledSelectedIcon=,margin=javax.swing.plaf.InsetsUIResource[top=2,left=14,bottom=2,right=14],paintBorder=true,paintFocus=true,pressedIcon=,rolloverEnabled=true,rolloverIcon=,rolloverSelectedIcon=,selectedIcon=,text=,defaultCapable=true] -> toolbarDecorator/export.svg
2025-06-17 20:57:03,279 [   8694]   INFO - #com.itangcent.idea.icons.EasyIcons - load icon: /welcome/importProject.png
2025-06-17 20:57:03,279 [   8694]   INFO - #com.itangcent.idea.icons.EasyIcons - icon of javax.swing.JButton[,0,0,0x0,invalid,alignmentX=0.0,alignmentY=0.5,border=javax.swing.plaf.BorderUIResource$CompoundBorderUIResource@781b520,flags=296,maximumSize=,minimumSize=,preferredSize=,defaultIcon=toolbarDecorator/import.svg,disabledIcon=,disabledSelectedIcon=,margin=javax.swing.plaf.InsetsUIResource[top=2,left=14,bottom=2,right=14],paintBorder=true,paintFocus=true,pressedIcon=,rolloverEnabled=true,rolloverIcon=,rolloverSelectedIcon=,selectedIcon=,text=,defaultCapable=true] -> toolbarDecorator/import.svg
2025-06-17 20:57:03,288 [   8703]   INFO - #com.itangcent.idea.plugin.api.export.postman.DefaultPostmanApiHelper$Companion - read all collection from postman
2025-06-17 20:57:03,318 [   8733]   INFO - #com.itangcent.intellij.context.ActionContext - register event [onCompleted]
2025-06-17 20:57:03,336 [   8751]   INFO - #com.itangcent.intellij.context.ActionContext - register event [onCompleted]
2025-06-17 20:57:03,412 [   8827]   INFO - STDOUT - Found 229 configurables
2025-06-17 20:57:04,185 [   9600]   INFO - #com.itangcent.intellij.context.ActionContext - call event [onCompleted]
2025-06-17 20:57:04,185 [   9600]   INFO - #com.itangcent.intellij.context.ActionContext - call event [onCompleted]
2025-06-17 20:57:04,185 [   9600]   INFO - #com.itangcent.intellij.context.ActionContext - call event [onCompleted]
2025-06-17 20:57:04,185 [   9600]   INFO - #com.itangcent.intellij.context.ActionContext - call event [onCompleted]
2025-06-17 20:57:04,185 [   9600]   INFO - #com.itangcent.intellij.context.ActionContext - call event [onCompleted]
2025-06-17 20:57:04,185 [   9600]   INFO - #com.itangcent.intellij.context.ActionContext - call event [onCompleted]
2025-06-17 20:57:04,188 [   9603]   INFO - STDOUT - Output written to /Users/mac26/workspace/java/easy-yapi/easy-yapi/idea-plugin/build/searchableOptions/devkit.jar!/search/devkit.jar!.searchableOptions.xml
2025-06-17 20:57:04,188 [   9603]   INFO - STDOUT - Output written to /Users/mac26/workspace/java/easy-yapi/easy-yapi/idea-plugin/build/searchableOptions/textmate.jar/search/textmate.jar.searchableOptions.xml
2025-06-17 20:57:04,191 [   9606]   INFO - STDOUT - Output written to /Users/mac26/workspace/java/easy-yapi/easy-yapi/idea-plugin/build/searchableOptions/markdown.jar/search/markdown.jar.searchableOptions.xml
2025-06-17 20:57:04,191 [   9606]   INFO - STDOUT - Output written to /Users/mac26/workspace/java/easy-yapi/easy-yapi/idea-plugin/build/searchableOptions/IntelliLang.jar/search/IntelliLang.jar.searchableOptions.xml
2025-06-17 20:57:04,191 [   9606]   INFO - STDOUT - Output written to /Users/mac26/workspace/java/easy-yapi/easy-yapi/idea-plugin/build/searchableOptions/eclipse.jar/search/eclipse.jar.searchableOptions.xml
2025-06-17 20:57:04,192 [   9607]   INFO - STDOUT - Output written to /Users/mac26/workspace/java/easy-yapi/easy-yapi/idea-plugin/build/searchableOptions/tasks-core.jar/search/tasks-core.jar.searchableOptions.xml
2025-06-17 20:57:04,192 [   9607]   INFO - STDOUT - Output written to /Users/mac26/workspace/java/easy-yapi/easy-yapi/idea-plugin/build/searchableOptions/sh.jar/search/sh.jar.searchableOptions.xml
2025-06-17 20:57:04,193 [   9608]   INFO - STDOUT - Output written to /Users/mac26/workspace/java/easy-yapi/easy-yapi/idea-plugin/build/searchableOptions/java-coverage.jar/search/java-coverage.jar.searchableOptions.xml
2025-06-17 20:57:04,193 [   9608]   INFO - STDOUT - Output written to /Users/mac26/workspace/java/easy-yapi/easy-yapi/idea-plugin/build/searchableOptions/devkit.jar/search/devkit.jar.searchableOptions.xml
2025-06-17 20:57:04,193 [   9608]   INFO - STDOUT - Output written to /Users/mac26/workspace/java/easy-yapi/easy-yapi/idea-plugin/build/searchableOptions/java-impl.jar!/search/java-impl.jar!.searchableOptions.xml
2025-06-17 20:57:04,194 [   9609]   INFO - STDOUT - Output written to /Users/mac26/workspace/java/easy-yapi/easy-yapi/idea-plugin/build/searchableOptions/javaFX.jar!/search/javaFX.jar!.searchableOptions.xml
2025-06-17 20:57:04,194 [   9609]   INFO - STDOUT - Output written to /Users/mac26/workspace/java/easy-yapi/easy-yapi/idea-plugin/build/searchableOptions/searchEverywhereMl.jar/search/searchEverywhereMl.jar.searchableOptions.xml
2025-06-17 20:57:04,194 [   9609]   INFO - STDOUT - Output written to /Users/mac26/workspace/java/easy-yapi/easy-yapi/idea-plugin/build/searchableOptions/idea-junit.jar!/search/idea-junit.jar!.searchableOptions.xml
2025-06-17 20:57:04,195 [   9610]   INFO - STDOUT - Output written to /Users/mac26/workspace/java/easy-yapi/easy-yapi/idea-plugin/build/searchableOptions/uiDesigner.jar/search/uiDesigner.jar.searchableOptions.xml
2025-06-17 20:57:04,195 [   9610]   INFO - STDOUT - Output written to /Users/mac26/workspace/java/easy-yapi/easy-yapi/idea-plugin/build/searchableOptions/javaFX.jar/search/javaFX.jar.searchableOptions.xml
2025-06-17 20:57:04,195 [   9610]   INFO - STDOUT - Output written to /Users/mac26/workspace/java/easy-yapi/easy-yapi/idea-plugin/build/searchableOptions/dev.jar/search/dev.jar.searchableOptions.xml
2025-06-17 20:57:04,196 [   9611]   INFO - STDOUT - Output written to /Users/mac26/workspace/java/easy-yapi/easy-yapi/idea-plugin/build/searchableOptions/space.jar/search/space.jar.searchableOptions.xml
2025-06-17 20:57:04,196 [   9611]   INFO - STDOUT - Output written to /Users/mac26/workspace/java/easy-yapi/easy-yapi/idea-plugin/build/searchableOptions/cwm-plugin-terminal.jar/search/cwm-plugin-terminal.jar.searchableOptions.xml
2025-06-17 20:57:04,197 [   9612]   INFO - STDOUT - Output written to /Users/mac26/workspace/java/easy-yapi/easy-yapi/idea-plugin/build/searchableOptions/vcs-svn.jar/search/vcs-svn.jar.searchableOptions.xml
2025-06-17 20:57:04,197 [   9612]   INFO - STDOUT - Output written to /Users/mac26/workspace/java/easy-yapi/easy-yapi/idea-plugin/build/searchableOptions/byteCodeViewer.jar/search/byteCodeViewer.jar.searchableOptions.xml
2025-06-17 20:57:04,198 [   9613]   INFO - STDOUT - Output written to /Users/mac26/workspace/java/easy-yapi/easy-yapi/idea-plugin/build/searchableOptions/testng-plugin.jar!/search/testng-plugin.jar!.searchableOptions.xml
2025-06-17 20:57:04,198 [   9613]   INFO - STDOUT - Output written to /Users/mac26/workspace/java/easy-yapi/easy-yapi/idea-plugin/build/searchableOptions/android.jar!/search/android.jar!.searchableOptions.xml
2025-06-17 20:57:04,199 [   9614]   INFO - STDOUT - Output written to /Users/mac26/workspace/java/easy-yapi/easy-yapi/idea-plugin/build/searchableOptions/marketplace.jar/search/marketplace.jar.searchableOptions.xml
2025-06-17 20:57:04,200 [   9615]   INFO - STDOUT - Output written to /Users/mac26/workspace/java/easy-yapi/easy-yapi/idea-plugin/build/searchableOptions/maven.jar/search/maven.jar.searchableOptions.xml
2025-06-17 20:57:04,201 [   9616]   INFO - STDOUT - Output written to /Users/mac26/workspace/java/easy-yapi/easy-yapi/idea-plugin/build/searchableOptions/copyright.jar/search/copyright.jar.searchableOptions.xml
2025-06-17 20:57:04,201 [   9616]   INFO - STDOUT - Output written to /Users/mac26/workspace/java/easy-yapi/easy-yapi/idea-plugin/build/searchableOptions/maven.jar!/search/maven.jar!.searchableOptions.xml
2025-06-17 20:57:04,203 [   9618]   INFO - STDOUT - Output written to /Users/mac26/workspace/java/easy-yapi/easy-yapi/idea-plugin/build/searchableOptions/Groovy.jar/search/Groovy.jar.searchableOptions.xml
2025-06-17 20:57:04,203 [   9618]   INFO - STDOUT - Output written to /Users/mac26/workspace/java/easy-yapi/easy-yapi/idea-plugin/build/searchableOptions/terminal.jar/search/terminal.jar.searchableOptions.xml
2025-06-17 20:57:04,203 [   9618]   INFO - STDOUT - Output written to /Users/mac26/workspace/java/easy-yapi/easy-yapi/idea-plugin/build/searchableOptions/antIntegration.jar/search/antIntegration.jar.searchableOptions.xml
2025-06-17 20:57:04,204 [   9619]   INFO - STDOUT - Output written to /Users/mac26/workspace/java/easy-yapi/easy-yapi/idea-plugin/build/searchableOptions/gradle-java.jar/search/gradle-java.jar.searchableOptions.xml
2025-06-17 20:57:04,204 [   9619]   INFO - STDOUT - Output written to /Users/mac26/workspace/java/easy-yapi/easy-yapi/idea-plugin/build/searchableOptions/properties.jar/search/properties.jar.searchableOptions.xml
2025-06-17 20:57:04,207 [   9622]   INFO - STDOUT - Output written to /Users/mac26/workspace/java/easy-yapi/easy-yapi/idea-plugin/build/searchableOptions/java-impl.jar/search/java-impl.jar.searchableOptions.xml
2025-06-17 20:57:04,208 [   9623]   INFO - STDOUT - Output written to /Users/mac26/workspace/java/easy-yapi/easy-yapi/idea-plugin/build/searchableOptions/adt-ui.jar/search/adt-ui.jar.searchableOptions.xml
2025-06-17 20:57:04,208 [   9623]   INFO - STDOUT - Output written to /Users/mac26/workspace/java/easy-yapi/easy-yapi/idea-plugin/build/searchableOptions/html-tools.jar/search/html-tools.jar.searchableOptions.xml
2025-06-17 20:57:04,209 [   9624]   INFO - STDOUT - Output written to /Users/mac26/workspace/java/easy-yapi/easy-yapi/idea-plugin/build/searchableOptions/vcs-perforce.jar/search/vcs-perforce.jar.searchableOptions.xml
2025-06-17 20:57:04,209 [   9624]   INFO - STDOUT - Output written to /Users/mac26/workspace/java/easy-yapi/easy-yapi/idea-plugin/build/searchableOptions/java-debugger-streams.jar/search/java-debugger-streams.jar.searchableOptions.xml
2025-06-17 20:57:04,209 [   9624]   INFO - STDOUT - Output written to /Users/mac26/workspace/java/easy-yapi/easy-yapi/idea-plugin/build/searchableOptions/gradle.jar/search/gradle.jar.searchableOptions.xml
2025-06-17 20:57:04,210 [   9625]   INFO - STDOUT - Output written to /Users/mac26/workspace/java/easy-yapi/easy-yapi/idea-plugin/build/searchableOptions/testng-plugin.jar/search/testng-plugin.jar.searchableOptions.xml
2025-06-17 20:57:04,210 [   9625]   INFO - STDOUT - Output written to /Users/mac26/workspace/java/easy-yapi/easy-yapi/idea-plugin/build/searchableOptions/grazie.jar/search/grazie.jar.searchableOptions.xml
2025-06-17 20:57:04,210 [   9625]   INFO - STDOUT - Output written to /Users/mac26/workspace/java/easy-yapi/easy-yapi/idea-plugin/build/searchableOptions/qodana.jar/search/qodana.jar.searchableOptions.xml
2025-06-17 20:57:04,225 [   9640]   INFO - STDOUT - Output written to /Users/mac26/workspace/java/easy-yapi/easy-yapi/idea-plugin/build/searchableOptions/app.jar/search/app.jar.searchableOptions.xml
2025-06-17 20:57:04,226 [   9641]   INFO - STDOUT - Output written to /Users/mac26/workspace/java/easy-yapi/easy-yapi/idea-plugin/build/searchableOptions/android.jar/search/android.jar.searchableOptions.xml
2025-06-17 20:57:04,227 [   9642]   INFO - STDOUT - Output written to /Users/mac26/workspace/java/easy-yapi/easy-yapi/idea-plugin/build/searchableOptions/completionMlRanking.jar/search/completionMlRanking.jar.searchableOptions.xml
2025-06-17 20:57:04,227 [   9642]   INFO - STDOUT - Output written to /Users/mac26/workspace/java/easy-yapi/easy-yapi/idea-plugin/build/searchableOptions/java-decompiler.jar/search/java-decompiler.jar.searchableOptions.xml
2025-06-17 20:57:04,228 [   9643]   INFO - STDOUT - Output written to /Users/mac26/workspace/java/easy-yapi/easy-yapi/idea-plugin/build/searchableOptions/vcs-hg.jar/search/vcs-hg.jar.searchableOptions.xml
2025-06-17 20:57:04,228 [   9643]   INFO - STDOUT - Output written to /Users/mac26/workspace/java/easy-yapi/easy-yapi/idea-plugin/build/searchableOptions/xpath.jar/search/xpath.jar.searchableOptions.xml
2025-06-17 20:57:04,228 [   9643]   INFO - STDOUT - Output written to /Users/mac26/workspace/java/easy-yapi/easy-yapi/idea-plugin/build/searchableOptions/performanceTesting.jar/search/performanceTesting.jar.searchableOptions.xml
2025-06-17 20:57:04,229 [   9644]   INFO - STDOUT - Output written to /Users/mac26/workspace/java/easy-yapi/easy-yapi/idea-plugin/build/searchableOptions/packageSearch.jar/search/packageSearch.jar.searchableOptions.xml
2025-06-17 20:57:04,229 [   9644]   INFO - STDOUT - Output written to /Users/mac26/workspace/java/easy-yapi/easy-yapi/idea-plugin/build/searchableOptions/cwm-common.jar/search/cwm-common.jar.searchableOptions.xml
2025-06-17 20:57:04,229 [   9644]   INFO - STDOUT - Output written to /Users/mac26/workspace/java/easy-yapi/easy-yapi/idea-plugin/build/searchableOptions/java-i18n.jar/search/java-i18n.jar.searchableOptions.xml
2025-06-17 20:57:04,230 [   9645]   INFO - STDOUT - Output written to /Users/mac26/workspace/java/easy-yapi/easy-yapi/idea-plugin/build/searchableOptions/Groovy.jar!/search/Groovy.jar!.searchableOptions.xml
2025-06-17 20:57:04,230 [   9645]   INFO - STDOUT - Output written to /Users/mac26/workspace/java/easy-yapi/easy-yapi/idea-plugin/build/searchableOptions/emojipicker.jar/search/emojipicker.jar.searchableOptions.xml
2025-06-17 20:57:04,230 [   9645]   INFO - STDOUT - Output written to /Users/mac26/workspace/java/easy-yapi/easy-yapi/idea-plugin/build/searchableOptions/toml.jar/search/toml.jar.searchableOptions.xml
2025-06-17 20:57:04,231 [   9646]   INFO - STDOUT - Output written to /Users/mac26/workspace/java/easy-yapi/easy-yapi/idea-plugin/build/searchableOptions/idea-junit.jar/search/idea-junit.jar.searchableOptions.xml
2025-06-17 20:57:04,231 [   9646]   INFO - STDOUT - Output written to /Users/mac26/workspace/java/easy-yapi/easy-yapi/idea-plugin/build/searchableOptions/yaml.jar/search/yaml.jar.searchableOptions.xml
2025-06-17 20:57:04,232 [   9647]   INFO - STDOUT - Output written to /Users/mac26/workspace/java/easy-yapi/easy-yapi/idea-plugin/build/searchableOptions/instrumented-idea-plugin-2.8.1.212.0.jar/search/instrumented-idea-plugin-2.8.1.212.0.jar.searchableOptions.xml
2025-06-17 20:57:04,232 [   9647]   INFO - STDOUT - Output written to /Users/mac26/workspace/java/easy-yapi/easy-yapi/idea-plugin/build/searchableOptions/packageChecker.jar/search/packageChecker.jar.searchableOptions.xml
2025-06-17 20:57:04,232 [   9647]   INFO - STDOUT - Output written to /Users/mac26/workspace/java/easy-yapi/easy-yapi/idea-plugin/build/searchableOptions/platform-tracing-ide.jar/search/platform-tracing-ide.jar.searchableOptions.xml
2025-06-17 20:57:04,233 [   9648]   INFO - STDOUT - Output written to /Users/mac26/workspace/java/easy-yapi/easy-yapi/idea-plugin/build/searchableOptions/editorconfig.jar/search/editorconfig.jar.searchableOptions.xml
2025-06-17 20:57:04,233 [   9648]   INFO - STDOUT - Output written to /Users/mac26/workspace/java/easy-yapi/easy-yapi/idea-plugin/build/searchableOptions/vcs-github.jar/search/vcs-github.jar.searchableOptions.xml
2025-06-17 20:57:04,234 [   9649]   INFO - STDOUT - Output written to /Users/mac26/workspace/java/easy-yapi/easy-yapi/idea-plugin/build/searchableOptions/lombok.jar/search/lombok.jar.searchableOptions.xml
2025-06-17 20:57:04,234 [   9649]   INFO - STDOUT - Output written to /Users/mac26/workspace/java/easy-yapi/easy-yapi/idea-plugin/build/searchableOptions/platform-langInjection.jar/search/platform-langInjection.jar.searchableOptions.xml
2025-06-17 20:57:04,234 [   9649]   INFO - STDOUT - Output written to /Users/mac26/workspace/java/easy-yapi/easy-yapi/idea-plugin/build/searchableOptions/platform-images.jar/search/platform-images.jar.searchableOptions.xml
2025-06-17 20:57:04,235 [   9650]   INFO - STDOUT - Output written to /Users/mac26/workspace/java/easy-yapi/easy-yapi/idea-plugin/build/searchableOptions/vcs-git.jar/search/vcs-git.jar.searchableOptions.xml
2025-06-17 20:57:04,236 [   9651]   INFO - STDOUT - Output written to /Users/mac26/workspace/java/easy-yapi/easy-yapi/idea-plugin/build/searchableOptions/kotlin-plugin.jar/search/kotlin-plugin.jar.searchableOptions.xml
2025-06-17 20:57:04,237 [   9652]   INFO - STDOUT - Output written to /Users/mac26/workspace/java/easy-yapi/easy-yapi/idea-plugin/build/searchableOptions/indexing-shared.jar/search/indexing-shared.jar.searchableOptions.xml
2025-06-17 20:57:04,237 [   9652]   INFO - STDOUT - Output written to /Users/mac26/workspace/java/easy-yapi/easy-yapi/idea-plugin/build/searchableOptions/featuresTrainer.jar/search/featuresTrainer.jar.searchableOptions.xml
2025-06-17 20:57:04,238 [   9653]   INFO - STDOUT - Output written to /Users/mac26/workspace/java/easy-yapi/easy-yapi/idea-plugin/build/searchableOptions/design-tools.jar/search/design-tools.jar.searchableOptions.xml
2025-06-17 20:57:04,238 [   9653]   INFO - STDOUT - Output written to /Users/mac26/workspace/java/easy-yapi/easy-yapi/idea-plugin/build/searchableOptions/kotlin-plugin.jar!/search/kotlin-plugin.jar!.searchableOptions.xml
2025-06-17 20:57:04,238 [   9653]   INFO - STDOUT - Output written to /Users/mac26/workspace/java/easy-yapi/easy-yapi/idea-plugin/build/searchableOptions/cwm-host.jar/search/cwm-host.jar.searchableOptions.xml
2025-06-17 20:57:04,238 [   9653]   INFO - STDOUT - Output written to /Users/mac26/workspace/java/easy-yapi/easy-yapi/idea-plugin/build/searchableOptions/gradle-java-maven.jar/search/gradle-java-maven.jar.searchableOptions.xml
2025-06-17 20:57:04,252 [   9667]   INFO - STDOUT - Output written to /Users/mac26/workspace/java/easy-yapi/easy-yapi/idea-plugin/build/searchableOptions/settingsSync.jar/search/settingsSync.jar.searchableOptions.xml
2025-06-17 20:57:04,256 [   9671]   INFO - STDOUT - Searchable options index builder completed
2025-06-17 20:57:04,273 [   9688]   INFO - #o.j.i.BuiltInServer - web server stopped
2025-06-17 20:57:04,280 [   9695]   INFO - #c.i.u.i.FileBasedIndexImpl - Index dispose started
2025-06-17 20:57:04,308 [   9723]   INFO - #c.i.p.s.StubIndexImpl - StubIndexExtension-s were unloaded
2025-06-17 20:57:04,309 [   9724]   INFO - #c.i.p.s.SerializationManagerImpl - Start shutting down /Users/mac26/workspace/java/easy-yapi/easy-yapi/idea-plugin/idea-sandbox/system/index/rep.names
2025-06-17 20:57:04,309 [   9724]   INFO - #c.i.p.s.SerializationManagerImpl - Finished shutting down /Users/mac26/workspace/java/easy-yapi/easy-yapi/idea-plugin/idea-sandbox/system/index/rep.names
2025-06-17 20:57:04,310 [   9725]   INFO - #c.i.u.i.FileBasedIndexImpl - Index dispose completed in 30ms.
2025-06-17 20:57:04,365 [   9780]   INFO - #c.i.o.v.n.p.PersistentFSImpl - VFS dispose started
2025-06-17 20:57:04,367 [   9782]   INFO - #c.i.o.v.n.p.PersistentFSImpl - VFS dispose completed in 2ms.
2025-06-17 20:57:04,374 [   9789]   INFO - #c.i.o.f.i.FileTypeDetectionService - 0 auto-detected files. Detection took 0 ms
2025-06-17 20:57:04,376 [   9791]   INFO - #c.i.i.AppStarter - ------------------------------------------------------ IDE SHUTDOWN ------------------------------------------------------
2025-06-17 20:57:04,388 [   9803]   WARN - #com.itangcent.intellij.logger.SystemLogger - Load collections failed
